Authorized using stored user info.
stderr: 'rm' is not recognized as an internal or external command,
operable program or batch file.

[ Warn ] $Converting Assets/Sprites/Colections Easter Eggs 3.png texture. Change its format from ETC_RGB4Crunched to "RGBA 32 bit" to speed up export
[ Warn ] $Converting Assets/Sprites/tick.png texture. Change its format from ETC2_RGBA8Crunched to "RGBA 32 bit" to speed up export
[ Warn ] $Converting Assets/Sprites/Lark20210305-000135.png texture. Change its format from ETC2_RGBA8Crunched to "RGBA 32 bit" to speed up export
[ Warn ] $Converting Assets/Sprites/icon_clock.png texture. Change its format from ETC2_RGBA8Crunched to "RGBA 32 bit" to speed up export
[ Warn ] $Converting Assets/Sprites/icon.png texture. Change its format from ETC2_RGBA8Crunched to "RGBA 32 bit" to speed up export
[ Warn ] $Converting Assets/Sprites/02.png texture. Change its format from ETC2_RGBA8Crunched to "RGBA 32 bit" to speed up export
[ Warn ] $Converting Assets/Sprites/hand_ring.png texture. Change its format from ETC2_RGBA8Crunched to "RGBA 32 bit" to speed up export
Exporting assets from Unity...........
[ Stage1 ] Assets exported from Unity and staged for further processing
Using C:/Windows/Fonts/arial.ttf file to generate an atlas for Arial[496] font
  Using alphabet  §1234567890-=qwertyuiop[]asdfghjkl;'\`zxcvbnm,./±!@#$%^&*()_+QWERTYUIOP{}ASDFGHJKL:"|~ZXCVBNM<>?
Combined 97 glyphs into bitmap texture at D:/Studio Projects/Projects/Tile-Master-Playable-Ad/LunaTemp/stage1/tmp/fonts/Arial-496/output_0.png (59kb)
Resources:
{}
[ Stage2 ] Assets postprocessed and bundled successfully
Microsoft (R) Build Engine version 16.11.0+0538acc04 for .NET Framework
Copyright (C) Microsoft Corporation. All rights reserved.


Build started 9/29/2021 10:45:14 AM.

Project "D:\Studio Projects\Luna\pipeline\templates\LunaCompiler\Scripts\Scripts.csproj" on node 1 (Rebuild target(s)).

CoreClean:

  Deleting file "D:\Studio Projects\Luna\pipeline\templates\LunaCompiler\Scripts\bin\Debug\UnityScriptsCompiler.dll".

  Deleting file "D:\Studio Projects\Luna\pipeline\templates\LunaCompiler\Scripts\bin\Debug\UnityScriptsCompiler.pdb".

  Deleting file "D:\Studio Projects\Luna\pipeline\templates\LunaCompiler\Scripts\bin\Debug\Bridge.dll".

  Deleting file "D:\Studio Projects\Luna\pipeline\templates\LunaCompiler\Scripts\bin\Debug\Bridge.Html5.dll".

  Deleting file "D:\Studio Projects\Luna\pipeline\templates\LunaCompiler\Scripts\bin\Debug\Bridge.WebGL.dll".

  Deleting file "D:\Studio Projects\Luna\pipeline\templates\LunaCompiler\Scripts\bin\Debug\DOTween.dll".

  Deleting file "D:\Studio Projects\Luna\pipeline\templates\LunaCompiler\Scripts\bin\Debug\Newtonsoft.Json.dll".

  Deleting file "D:\Studio Projects\Luna\pipeline\templates\LunaCompiler\Scripts\bin\Debug\Retyped.Core.dll".

  Deleting file "D:\Studio Projects\Luna\pipeline\templates\LunaCompiler\Scripts\bin\Debug\Retyped.dom.dll".

  Deleting file "D:\Studio Projects\Luna\pipeline\templates\LunaCompiler\Scripts\bin\Debug\Retyped.es5.dll".

  Deleting file "D:\Studio Projects\Luna\pipeline\templates\LunaCompiler\Scripts\bin\Debug\Retyped.scripthost.dll".

  Deleting file "D:\Studio Projects\Luna\pipeline\templates\LunaCompiler\Scripts\bin\Debug\TextMeshPro.dll".

  Deleting file "D:\Studio Projects\Luna\pipeline\templates\LunaCompiler\Scripts\bin\Debug\UnityEngine.dll".

  Deleting file "D:\Studio Projects\Luna\pipeline\templates\LunaCompiler\Scripts\bin\Debug\UnityEngine.UI.dll".

  Deleting file "D:\Studio Projects\Luna\pipeline\templates\LunaCompiler\Scripts\bin\Debug\Bridge.xml".

  Deleting file "D:\Studio Projects\Luna\pipeline\templates\LunaCompiler\Scripts\bin\Debug\Bridge.Html5.xml".

  Deleting file "D:\Studio Projects\Luna\pipeline\templates\LunaCompiler\Scripts\bin\Debug\Bridge.WebGL.xml".

  Deleting file "D:\Studio Projects\Luna\pipeline\templates\LunaCompiler\Scripts\bin\Debug\Newtonsoft.Json.xml".

  Deleting file "D:\Studio Projects\Luna\pipeline\templates\LunaCompiler\Scripts\bin\Debug\Retyped.Core.xml".

  Deleting file "D:\Studio Projects\Luna\pipeline\templates\LunaCompiler\Scripts\bin\Debug\Retyped.dom.xml".

  Deleting file "D:\Studio Projects\Luna\pipeline\templates\LunaCompiler\Scripts\bin\Debug\Retyped.es5.xml".

  Deleting file "D:\Studio Projects\Luna\pipeline\templates\LunaCompiler\Scripts\bin\Debug\Retyped.scripthost.xml".

  Deleting file "D:\Studio Projects\Luna\pipeline\templates\LunaCompiler\Scripts\obj\Debug\Scripts.csproj.AssemblyReference.cache".

  Deleting file "D:\Studio Projects\Luna\pipeline\templates\LunaCompiler\Scripts\obj\Debug\Scripts.csproj.CoreCompileInputs.cache".

  Deleting file "D:\Studio Projects\Luna\pipeline\templates\LunaCompiler\Scripts\obj\Debug\Scripts.csproj.CopyComplete".

  Deleting file "D:\Studio Projects\Luna\pipeline\templates\LunaCompiler\Scripts\obj\Debug\UnityScriptsCompiler.dll".

  Deleting file "D:\Studio Projects\Luna\pipeline\templates\LunaCompiler\Scripts\obj\Debug\UnityScriptsCompiler.pdb".

GenerateTargetFrameworkMonikerAttribute:
Skipping target "GenerateTargetFrameworkMonikerAttribute" because all output files are up-to-date with respect to the input files.

CoreCompile:

  C:\Program Files (x86)\Microsoft Visual Studio\2019\Professional\MSBuild\Current\Bin\Roslyn\csc.exe /noconfig /nowarn:CS0626,1701,1702 /fullpaths /nostdlib+ /errorreport:prompt /warn:4 /define:UNITY_LUNA;UNITY_BUPC;UNITY_5_3_OR_NEWER;UNITY_5_4_OR_NEWER;UNITY_5_5_OR_NEWER;UNITY_2017;UNITY_2018;UNITY_2019;UNITY_2020;UNITY_2017_1;UNITY_2017_2;UNITY_2017_3;UNITY_2017_4;UNITY_2018_1;UNITY_2018_2;UNITY_2018_3;UNITY_2018_4;UNITY_2019_1;UNITY_2019_2;UNITY_2019_3;UNITY_2019_4;UNITY_2020_1;UNITY_2020_2;UNITY_2020_3;UNITY_2017_1_OR_NEWER;UNITY_2017_2_OR_NEWER;UNITY_2017_3_OR_NEWER;UNITY_2017_4_OR_NEWER;UNITY_2018_1_OR_NEWER;UNITY_2018_2_OR_NEWER;UNITY_2018_3_OR_NEWER;UNITY_2018_4_OR_NEWER;UNITY_2019_1_OR_NEWER;UNITY_2019_2_OR_NEWER;UNITY_2019_3_OR_NEWER;UNITY_2019_4_OR_NEWER;UNITY_2020_1_OR_NEWER;UNITY_2020_2_OR_NEWER;UNITY_2020_3_OR_NEWER /highentropyva+ /reference:"D:\Studio Projects\Luna\pipeline\templates\LunaCompiler\packages\Bridge.Core.17.9.12-luna\lib\net40\Bridge.dll" /reference:"D:\Studio Projects\Luna\pipeline\templates\LunaCompiler\packages\Bridge.Html5.17.9.0\lib\net40\Bridge.Html5.dll" /reference:"D:\Studio Projects\Luna\pipeline\templates\LunaCompiler\packages\Bridge.WebGL.1.22.0\lib\net40\Bridge.WebGL.dll" /reference:"D:\Studio Projects\Luna\pipeline\templates\LunaCompiler\packages\DOTween.1.2.235\lib\net40\DOTween.dll" /reference:"D:\Studio Projects\Luna\pipeline\templates\LunaCompiler\packages\Bridge.Newtonsoft.Json.1.16.0\lib\net40\Newtonsoft.Json.dll" /reference:"D:\Studio Projects\Luna\pipeline\templates\LunaCompiler\packages\Retyped.Core.1.6.6733\lib\net40\Retyped.Core.dll" /reference:"D:\Studio Projects\Luna\pipeline\templates\LunaCompiler\packages\Retyped.dom.2.8.6733\lib\net40\Retyped.dom.dll" /reference:"D:\Studio Projects\Luna\pipeline\templates\LunaCompiler\packages\Retyped.es5.2.8.6733\lib\net40\Retyped.es5.dll" /reference:"D:\Studio Projects\Luna\pipeline\templates\LunaCompiler\packages\Retyped.scripthost.2.8.6733\lib\net40\Retyped.scripthost.dll" /reference:"D:\Studio Projects\Luna\pipeline\templates\LunaCompiler\packages\com.unity.textmeshpro\3.0.0\TextMeshPro.dll" /reference:"D:\Studio Projects\Luna\pipeline\templates\LunaCompiler\Scripts\Vendor\UnityEngine.dll" /reference:"D:\Studio Projects\Luna\pipeline\templates\LunaCompiler\packages\com.unity.ui\1.2.1\UnityEngine.UI.dll" /debug+ /debug:full /optimize- /out:obj\Debug\UnityScriptsCompiler.dll /subsystemversion:6.00 /target:library /utf8output /langversion:7 "D:\Studio Projects\Projects\Tile-Master-Playable-Ad\Assets\Plugins\Demigiant\DOTween\Modules\DOTweenModuleAudio.cs" "D:\Studio Projects\Projects\Tile-Master-Playable-Ad\Assets\Plugins\Demigiant\DOTween\Modules\DOTweenModulePhysics.cs" "D:\Studio Projects\Projects\Tile-Master-Playable-Ad\Assets\Plugins\Demigiant\DOTween\Modules\DOTweenModulePhysics2D.cs" "D:\Studio Projects\Projects\Tile-Master-Playable-Ad\Assets\Plugins\Demigiant\DOTween\Modules\DOTweenModuleSprite.cs" "D:\Studio Projects\Projects\Tile-Master-Playable-Ad\Assets\Plugins\Demigiant\DOTween\Modules\DOTweenModuleUI.cs" "D:\Studio Projects\Projects\Tile-Master-Playable-Ad\Assets\Plugins\Demigiant\DOTween\Modules\DOTweenModuleUnityVersion.cs" "D:\Studio Projects\Projects\Tile-Master-Playable-Ad\Assets\Plugins\Demigiant\DOTween\Modules\DOTweenModuleUtils.cs" "D:\Studio Projects\Projects\Tile-Master-Playable-Ad\Assets\Scripts\CountDown.cs" "D:\Studio Projects\Projects\Tile-Master-Playable-Ad\Assets\Scripts\GamePlayController.cs" "D:\Studio Projects\Projects\Tile-Master-Playable-Ad\Assets\Scripts\LevelData.cs" "D:\Studio Projects\Projects\Tile-Master-Playable-Ad\Assets\Scripts\ObjectController.cs" "D:\Studio Projects\Projects\Tile-Master-Playable-Ad\Assets\Scripts\ObjectManager.cs" "D:\Studio Projects\Projects\Tile-Master-Playable-Ad\Assets\Scripts\ObjectPool.cs" "D:\Studio Projects\Projects\Tile-Master-Playable-Ad\Assets\Scripts\SelectObjectController.cs" "D:\Studio Projects\Projects\Tile-Master-Playable-Ad\Assets\Scripts\SoundManager.cs" "D:\Studio Projects\Projects\Tile-Master-Playable-Ad\Assets\Scripts\UIManager.cs" Properties/AssemblyInfo.cs Sources/OtherDummyScript.cs "obj\Debug\.NETFramework,Version=v4.7.AssemblyAttributes.cs"

  CompilerServer: server - server processed compilation - f538fd48-a4ab-4cca-bdd5-e7eb81101d53

_CopyFilesMarkedCopyLocal:
  Copying file from "D:\Studio Projects\Luna\pipeline\templates\LunaCompiler\packages\Bridge.Newtonsoft.Json.1.16.0\lib\net40\Newtonsoft.Json.dll" to "D:\Studio Projects\Luna\pipeline\templates\LunaCompiler\Scripts\bin\Debug\Newtonsoft.Json.dll".

  Copying file from "D:\Studio Projects\Luna\pipeline\templates\LunaCompiler\packages\Retyped.Core.1.6.6733\lib\net40\Retyped.Core.dll" to "D:\Studio Projects\Luna\pipeline\templates\LunaCompiler\Scripts\bin\Debug\Retyped.Core.dll".
  Copying file from "D:\Studio Projects\Luna\pipeline\templates\LunaCompiler\packages\DOTween.1.2.235\lib\net40\DOTween.dll" to "D:\Studio Projects\Luna\pipeline\templates\LunaCompiler\Scripts\bin\Debug\DOTween.dll".
  Copying file from "D:\Studio Projects\Luna\pipeline\templates\LunaCompiler\packages\Bridge.WebGL.1.22.0\lib\net40\Bridge.WebGL.dll" to "D:\Studio Projects\Luna\pipeline\templates\LunaCompiler\Scripts\bin\Debug\Bridge.WebGL.dll".

  Copying file from "D:\Studio Projects\Luna\pipeline\templates\LunaCompiler\packages\Bridge.Core.17.9.12-luna\lib\net40\Bridge.dll" to "D:\Studio Projects\Luna\pipeline\templates\LunaCompiler\Scripts\bin\Debug\Bridge.dll".

  Copying file from "D:\Studio Projects\Luna\pipeline\templates\LunaCompiler\packages\Bridge.Html5.17.9.0\lib\net40\Bridge.Html5.dll" to "D:\Studio Projects\Luna\pipeline\templates\LunaCompiler\Scripts\bin\Debug\Bridge.Html5.dll".

  Copying file from "D:\Studio Projects\Luna\pipeline\templates\LunaCompiler\packages\com.unity.textmeshpro\3.0.0\TextMeshPro.dll" to "D:\Studio Projects\Luna\pipeline\templates\LunaCompiler\Scripts\bin\Debug\TextMeshPro.dll".

  Copying file from "D:\Studio Projects\Luna\pipeline\templates\LunaCompiler\packages\Retyped.es5.2.8.6733\lib\net40\Retyped.es5.dll" to "D:\Studio Projects\Luna\pipeline\templates\LunaCompiler\Scripts\bin\Debug\Retyped.es5.dll".
  Copying file from "D:\Studio Projects\Luna\pipeline\templates\LunaCompiler\packages\Retyped.scripthost.2.8.6733\lib\net40\Retyped.scripthost.dll" to "D:\Studio Projects\Luna\pipeline\templates\LunaCompiler\Scripts\bin\Debug\Retyped.scripthost.dll".

  Copying file from "D:\Studio Projects\Luna\pipeline\templates\LunaCompiler\packages\Retyped.dom.2.8.6733\lib\net40\Retyped.dom.dll" to "D:\Studio Projects\Luna\pipeline\templates\LunaCompiler\Scripts\bin\Debug\Retyped.dom.dll".

  Copying file from "D:\Studio Projects\Luna\pipeline\templates\LunaCompiler\Scripts\Vendor\UnityEngine.dll" to "D:\Studio Projects\Luna\pipeline\templates\LunaCompiler\Scripts\bin\Debug\UnityEngine.dll".

  Copying file from "D:\Studio Projects\Luna\pipeline\templates\LunaCompiler\packages\com.unity.ui\1.2.1\UnityEngine.UI.dll" to "D:\Studio Projects\Luna\pipeline\templates\LunaCompiler\Scripts\bin\Debug\UnityEngine.UI.dll".

  Copying file from "D:\Studio Projects\Luna\pipeline\templates\LunaCompiler\packages\Bridge.Core.17.9.12-luna\lib\net40\Bridge.xml" to "D:\Studio Projects\Luna\pipeline\templates\LunaCompiler\Scripts\bin\Debug\Bridge.xml".

  Copying file from "D:\Studio Projects\Luna\pipeline\templates\LunaCompiler\packages\Bridge.WebGL.1.22.0\lib\net40\Bridge.WebGL.xml" to "D:\Studio Projects\Luna\pipeline\templates\LunaCompiler\Scripts\bin\Debug\Bridge.WebGL.xml".

  Copying file from "D:\Studio Projects\Luna\pipeline\templates\LunaCompiler\packages\Bridge.Html5.17.9.0\lib\net40\Bridge.Html5.xml" to "D:\Studio Projects\Luna\pipeline\templates\LunaCompiler\Scripts\bin\Debug\Bridge.Html5.xml".

  Copying file from "D:\Studio Projects\Luna\pipeline\templates\LunaCompiler\packages\Retyped.Core.1.6.6733\lib\net40\Retyped.Core.xml" to "D:\Studio Projects\Luna\pipeline\templates\LunaCompiler\Scripts\bin\Debug\Retyped.Core.xml".
  Copying file from "D:\Studio Projects\Luna\pipeline\templates\LunaCompiler\packages\Bridge.Newtonsoft.Json.1.16.0\lib\net40\Newtonsoft.Json.xml" to "D:\Studio Projects\Luna\pipeline\templates\LunaCompiler\Scripts\bin\Debug\Newtonsoft.Json.xml".

  Copying file from "D:\Studio Projects\Luna\pipeline\templates\LunaCompiler\packages\Retyped.dom.2.8.6733\lib\net40\Retyped.dom.xml" to "D:\Studio Projects\Luna\pipeline\templates\LunaCompiler\Scripts\bin\Debug\Retyped.dom.xml".

  Copying file from "D:\Studio Projects\Luna\pipeline\templates\LunaCompiler\packages\Retyped.es5.2.8.6733\lib\net40\Retyped.es5.xml" to "D:\Studio Projects\Luna\pipeline\templates\LunaCompiler\Scripts\bin\Debug\Retyped.es5.xml".

  Copying file from "D:\Studio Projects\Luna\pipeline\templates\LunaCompiler\packages\Retyped.scripthost.2.8.6733\lib\net40\Retyped.scripthost.xml" to "D:\Studio Projects\Luna\pipeline\templates\LunaCompiler\Scripts\bin\Debug\Retyped.scripthost.xml".

  Creating "D:\Studio Projects\Luna\pipeline\templates\LunaCompiler\Scripts\obj\Debug\Scripts.csproj.CopyComplete" because "AlwaysCreate" was specified.

CopyFilesToOutputDirectory:
  Copying file from "D:\Studio Projects\Luna\pipeline\templates\LunaCompiler\Scripts\obj\Debug\UnityScriptsCompiler.dll" to "D:\Studio Projects\Luna\pipeline\templates\LunaCompiler\Scripts\bin\Debug\UnityScriptsCompiler.dll".

  Scripts -> D:\Studio Projects\Luna\pipeline\templates\LunaCompiler\Scripts\bin\Debug\UnityScriptsCompiler.dll

  Copying file from "D:\Studio Projects\Luna\pipeline\templates\LunaCompiler\Scripts\obj\Debug\UnityScriptsCompiler.pdb" to "D:\Studio Projects\Luna\pipeline\templates\LunaCompiler\Scripts\bin\Debug\UnityScriptsCompiler.pdb".

BridgeNetCompilerTask:
  Bridge started

      To enable detailed logging, configure "logging" in bridge.json.

      https://github.com/bridgedotnet/Bridge/wiki/global-configuration#logging

  Bridge done

Done Building Project "D:\Studio Projects\Luna\pipeline\templates\LunaCompiler\Scripts\Scripts.csproj" (Rebuild target(s)).



Build succeeded.

    0 Warning(s)

    0 Error(s)


Time Elapsed 00:00:05.02

Source code compiled successfully!
[ Stage3 ] Code compiled and bundled successfully.
[ Stage4 ] Target platform: develop
[ Stage4 ] Package bundled successfully
Authorized using stored user info.
stderr: 'rm' is not recognized as an internal or external command,
operable program or batch file.

[ Warn ] $Converting Assets/Sprites/Colections Easter Eggs 3.png texture. Change its format from ETC_RGB4Crunched to "RGBA 32 bit" to speed up export
[ Warn ] $Converting Assets/Sprites/tick.png texture. Change its format from ETC2_RGBA8Crunched to "RGBA 32 bit" to speed up export
[ Warn ] $Converting Assets/Sprites/Lark20210305-000135.png texture. Change its format from ETC2_RGBA8Crunched to "RGBA 32 bit" to speed up export
[ Warn ] $Converting Assets/Sprites/icon_clock.png texture. Change its format from ETC2_RGBA8Crunched to "RGBA 32 bit" to speed up export
[ Warn ] $Converting Assets/Sprites/icon.png texture. Change its format from ETC2_RGBA8Crunched to "RGBA 32 bit" to speed up export
[ Warn ] $Converting Assets/Sprites/02.png texture. Change its format from ETC2_RGBA8Crunched to "RGBA 32 bit" to speed up export
[ Warn ] $Converting Assets/Sprites/hand_ring.png texture. Change its format from ETC2_RGBA8Crunched to "RGBA 32 bit" to speed up export
Exporting assets from Unity..........
[ Stage1 ] Assets exported from Unity and staged for further processing
Using C:/Windows/Fonts/arial.ttf file to generate an atlas for Arial[496] font
  Using alphabet  §1234567890-=qwertyuiop[]asdfghjkl;'\`zxcvbnm,./±!@#$%^&*()_+QWERTYUIOP{}ASDFGHJKL:"|~ZXCVBNM<>?
Combined 97 glyphs into bitmap texture at D:/Studio Projects/Projects/Tile-Master-Playable-Ad/LunaTemp/stage1/tmp/fonts/Arial-496/output_0.png (59kb)
Resources:
{}
[ Stage2 ] Assets postprocessed and bundled successfully
Microsoft (R) Build Engine version 16.11.0+0538acc04 for .NET Framework
Copyright (C) Microsoft Corporation. All rights reserved.


Build started 9/29/2021 10:46:07 AM.

Project "D:\Studio Projects\Luna\pipeline\templates\LunaCompiler\Scripts\Scripts.csproj" on node 1 (Rebuild target(s)).

CoreClean:

  Deleting file "D:\Studio Projects\Luna\pipeline\templates\LunaCompiler\Scripts\bin\Debug\UnityScriptsCompiler.dll".

  Deleting file "D:\Studio Projects\Luna\pipeline\templates\LunaCompiler\Scripts\bin\Debug\UnityScriptsCompiler.pdb".

  Deleting file "D:\Studio Projects\Luna\pipeline\templates\LunaCompiler\Scripts\bin\Debug\Bridge.dll".

  Deleting file "D:\Studio Projects\Luna\pipeline\templates\LunaCompiler\Scripts\bin\Debug\Bridge.Html5.dll".

  Deleting file "D:\Studio Projects\Luna\pipeline\templates\LunaCompiler\Scripts\bin\Debug\Bridge.WebGL.dll".

  Deleting file "D:\Studio Projects\Luna\pipeline\templates\LunaCompiler\Scripts\bin\Debug\DOTween.dll".

  Deleting file "D:\Studio Projects\Luna\pipeline\templates\LunaCompiler\Scripts\bin\Debug\Newtonsoft.Json.dll".

  Deleting file "D:\Studio Projects\Luna\pipeline\templates\LunaCompiler\Scripts\bin\Debug\Retyped.Core.dll".

  Deleting file "D:\Studio Projects\Luna\pipeline\templates\LunaCompiler\Scripts\bin\Debug\Retyped.dom.dll".

  Deleting file "D:\Studio Projects\Luna\pipeline\templates\LunaCompiler\Scripts\bin\Debug\Retyped.es5.dll".

  Deleting file "D:\Studio Projects\Luna\pipeline\templates\LunaCompiler\Scripts\bin\Debug\Retyped.scripthost.dll".

  Deleting file "D:\Studio Projects\Luna\pipeline\templates\LunaCompiler\Scripts\bin\Debug\TextMeshPro.dll".

  Deleting file "D:\Studio Projects\Luna\pipeline\templates\LunaCompiler\Scripts\bin\Debug\UnityEngine.dll".

  Deleting file "D:\Studio Projects\Luna\pipeline\templates\LunaCompiler\Scripts\bin\Debug\UnityEngine.UI.dll".

  Deleting file "D:\Studio Projects\Luna\pipeline\templates\LunaCompiler\Scripts\bin\Debug\Bridge.xml".

  Deleting file "D:\Studio Projects\Luna\pipeline\templates\LunaCompiler\Scripts\bin\Debug\Bridge.Html5.xml".

  Deleting file "D:\Studio Projects\Luna\pipeline\templates\LunaCompiler\Scripts\bin\Debug\Bridge.WebGL.xml".

  Deleting file "D:\Studio Projects\Luna\pipeline\templates\LunaCompiler\Scripts\bin\Debug\Newtonsoft.Json.xml".

  Deleting file "D:\Studio Projects\Luna\pipeline\templates\LunaCompiler\Scripts\bin\Debug\Retyped.Core.xml".

  Deleting file "D:\Studio Projects\Luna\pipeline\templates\LunaCompiler\Scripts\bin\Debug\Retyped.dom.xml".

  Deleting file "D:\Studio Projects\Luna\pipeline\templates\LunaCompiler\Scripts\bin\Debug\Retyped.es5.xml".

  Deleting file "D:\Studio Projects\Luna\pipeline\templates\LunaCompiler\Scripts\bin\Debug\Retyped.scripthost.xml".

  Deleting file "D:\Studio Projects\Luna\pipeline\templates\LunaCompiler\Scripts\obj\Debug\Scripts.csproj.AssemblyReference.cache".

  Deleting file "D:\Studio Projects\Luna\pipeline\templates\LunaCompiler\Scripts\obj\Debug\Scripts.csproj.CoreCompileInputs.cache".

  Deleting file "D:\Studio Projects\Luna\pipeline\templates\LunaCompiler\Scripts\obj\Debug\Scripts.csproj.CopyComplete".

  Deleting file "D:\Studio Projects\Luna\pipeline\templates\LunaCompiler\Scripts\obj\Debug\UnityScriptsCompiler.dll".

  Deleting file "D:\Studio Projects\Luna\pipeline\templates\LunaCompiler\Scripts\obj\Debug\UnityScriptsCompiler.pdb".

GenerateTargetFrameworkMonikerAttribute:
Skipping target "GenerateTargetFrameworkMonikerAttribute" because all output files are up-to-date with respect to the input files.

CoreCompile:

  C:\Program Files (x86)\Microsoft Visual Studio\2019\Professional\MSBuild\Current\Bin\Roslyn\csc.exe /noconfig /nowarn:CS0626,1701,1702 /fullpaths /nostdlib+ /errorreport:prompt /warn:4 /define:UNITY_LUNA;UNITY_BUPC;UNITY_5_3_OR_NEWER;UNITY_5_4_OR_NEWER;UNITY_5_5_OR_NEWER;UNITY_2017;UNITY_2018;UNITY_2019;UNITY_2020;UNITY_2017_1;UNITY_2017_2;UNITY_2017_3;UNITY_2017_4;UNITY_2018_1;UNITY_2018_2;UNITY_2018_3;UNITY_2018_4;UNITY_2019_1;UNITY_2019_2;UNITY_2019_3;UNITY_2019_4;UNITY_2020_1;UNITY_2020_2;UNITY_2020_3;UNITY_2017_1_OR_NEWER;UNITY_2017_2_OR_NEWER;UNITY_2017_3_OR_NEWER;UNITY_2017_4_OR_NEWER;UNITY_2018_1_OR_NEWER;UNITY_2018_2_OR_NEWER;UNITY_2018_3_OR_NEWER;UNITY_2018_4_OR_NEWER;UNITY_2019_1_OR_NEWER;UNITY_2019_2_OR_NEWER;UNITY_2019_3_OR_NEWER;UNITY_2019_4_OR_NEWER;UNITY_2020_1_OR_NEWER;UNITY_2020_2_OR_NEWER;UNITY_2020_3_OR_NEWER /highentropyva+ /reference:"D:\Studio Projects\Luna\pipeline\templates\LunaCompiler\packages\Bridge.Core.17.9.12-luna\lib\net40\Bridge.dll" /reference:"D:\Studio Projects\Luna\pipeline\templates\LunaCompiler\packages\Bridge.Html5.17.9.0\lib\net40\Bridge.Html5.dll" /reference:"D:\Studio Projects\Luna\pipeline\templates\LunaCompiler\packages\Bridge.WebGL.1.22.0\lib\net40\Bridge.WebGL.dll" /reference:"D:\Studio Projects\Luna\pipeline\templates\LunaCompiler\packages\DOTween.1.2.235\lib\net40\DOTween.dll" /reference:"D:\Studio Projects\Luna\pipeline\templates\LunaCompiler\packages\Bridge.Newtonsoft.Json.1.16.0\lib\net40\Newtonsoft.Json.dll" /reference:"D:\Studio Projects\Luna\pipeline\templates\LunaCompiler\packages\Retyped.Core.1.6.6733\lib\net40\Retyped.Core.dll" /reference:"D:\Studio Projects\Luna\pipeline\templates\LunaCompiler\packages\Retyped.dom.2.8.6733\lib\net40\Retyped.dom.dll" /reference:"D:\Studio Projects\Luna\pipeline\templates\LunaCompiler\packages\Retyped.es5.2.8.6733\lib\net40\Retyped.es5.dll" /reference:"D:\Studio Projects\Luna\pipeline\templates\LunaCompiler\packages\Retyped.scripthost.2.8.6733\lib\net40\Retyped.scripthost.dll" /reference:"D:\Studio Projects\Luna\pipeline\templates\LunaCompiler\packages\com.unity.textmeshpro\3.0.0\TextMeshPro.dll" /reference:"D:\Studio Projects\Luna\pipeline\templates\LunaCompiler\Scripts\Vendor\UnityEngine.dll" /reference:"D:\Studio Projects\Luna\pipeline\templates\LunaCompiler\packages\com.unity.ui\1.2.1\UnityEngine.UI.dll" /debug+ /debug:full /optimize- /out:obj\Debug\UnityScriptsCompiler.dll /subsystemversion:6.00 /target:library /utf8output /langversion:7 "D:\Studio Projects\Projects\Tile-Master-Playable-Ad\Assets\Plugins\Demigiant\DOTween\Modules\DOTweenModuleAudio.cs" "D:\Studio Projects\Projects\Tile-Master-Playable-Ad\Assets\Plugins\Demigiant\DOTween\Modules\DOTweenModulePhysics.cs" "D:\Studio Projects\Projects\Tile-Master-Playable-Ad\Assets\Plugins\Demigiant\DOTween\Modules\DOTweenModulePhysics2D.cs" "D:\Studio Projects\Projects\Tile-Master-Playable-Ad\Assets\Plugins\Demigiant\DOTween\Modules\DOTweenModuleSprite.cs" "D:\Studio Projects\Projects\Tile-Master-Playable-Ad\Assets\Plugins\Demigiant\DOTween\Modules\DOTweenModuleUI.cs" "D:\Studio Projects\Projects\Tile-Master-Playable-Ad\Assets\Plugins\Demigiant\DOTween\Modules\DOTweenModuleUnityVersion.cs" "D:\Studio Projects\Projects\Tile-Master-Playable-Ad\Assets\Plugins\Demigiant\DOTween\Modules\DOTweenModuleUtils.cs" "D:\Studio Projects\Projects\Tile-Master-Playable-Ad\Assets\Scripts\CountDown.cs" "D:\Studio Projects\Projects\Tile-Master-Playable-Ad\Assets\Scripts\GamePlayController.cs" "D:\Studio Projects\Projects\Tile-Master-Playable-Ad\Assets\Scripts\LevelData.cs" "D:\Studio Projects\Projects\Tile-Master-Playable-Ad\Assets\Scripts\ObjectController.cs" "D:\Studio Projects\Projects\Tile-Master-Playable-Ad\Assets\Scripts\ObjectManager.cs" "D:\Studio Projects\Projects\Tile-Master-Playable-Ad\Assets\Scripts\ObjectPool.cs" "D:\Studio Projects\Projects\Tile-Master-Playable-Ad\Assets\Scripts\SelectObjectController.cs" "D:\Studio Projects\Projects\Tile-Master-Playable-Ad\Assets\Scripts\SoundManager.cs" "D:\Studio Projects\Projects\Tile-Master-Playable-Ad\Assets\Scripts\UIManager.cs" Properties/AssemblyInfo.cs Sources/OtherDummyScript.cs "obj\Debug\.NETFramework,Version=v4.7.AssemblyAttributes.cs"

  CompilerServer: server - server processed compilation - 96850a48-df6f-4f60-86c8-e061b8d2e7ab

_CopyFilesMarkedCopyLocal:
  Copying file from "D:\Studio Projects\Luna\pipeline\templates\LunaCompiler\packages\Bridge.Html5.17.9.0\lib\net40\Bridge.Html5.dll" to "D:\Studio Projects\Luna\pipeline\templates\LunaCompiler\Scripts\bin\Debug\Bridge.Html5.dll".

  Copying file from "D:\Studio Projects\Luna\pipeline\templates\LunaCompiler\packages\Bridge.WebGL.1.22.0\lib\net40\Bridge.WebGL.dll" to "D:\Studio Projects\Luna\pipeline\templates\LunaCompiler\Scripts\bin\Debug\Bridge.WebGL.dll".
  Copying file from "D:\Studio Projects\Luna\pipeline\templates\LunaCompiler\packages\Bridge.Core.17.9.12-luna\lib\net40\Bridge.dll" to "D:\Studio Projects\Luna\pipeline\templates\LunaCompiler\Scripts\bin\Debug\Bridge.dll".

  Copying file from "D:\Studio Projects\Luna\pipeline\templates\LunaCompiler\packages\Retyped.Core.1.6.6733\lib\net40\Retyped.Core.dll" to "D:\Studio Projects\Luna\pipeline\templates\LunaCompiler\Scripts\bin\Debug\Retyped.Core.dll".

  Copying file from "D:\Studio Projects\Luna\pipeline\templates\LunaCompiler\packages\DOTween.1.2.235\lib\net40\DOTween.dll" to "D:\Studio Projects\Luna\pipeline\templates\LunaCompiler\Scripts\bin\Debug\DOTween.dll".

  Copying file from "D:\Studio Projects\Luna\pipeline\templates\LunaCompiler\packages\Bridge.Newtonsoft.Json.1.16.0\lib\net40\Newtonsoft.Json.dll" to "D:\Studio Projects\Luna\pipeline\templates\LunaCompiler\Scripts\bin\Debug\Newtonsoft.Json.dll".

  Copying file from "D:\Studio Projects\Luna\pipeline\templates\LunaCompiler\packages\Retyped.es5.2.8.6733\lib\net40\Retyped.es5.dll" to "D:\Studio Projects\Luna\pipeline\templates\LunaCompiler\Scripts\bin\Debug\Retyped.es5.dll".

  Copying file from "D:\Studio Projects\Luna\pipeline\templates\LunaCompiler\packages\Retyped.dom.2.8.6733\lib\net40\Retyped.dom.dll" to "D:\Studio Projects\Luna\pipeline\templates\LunaCompiler\Scripts\bin\Debug\Retyped.dom.dll".
  Copying file from "D:\Studio Projects\Luna\pipeline\templates\LunaCompiler\packages\Retyped.scripthost.2.8.6733\lib\net40\Retyped.scripthost.dll" to "D:\Studio Projects\Luna\pipeline\templates\LunaCompiler\Scripts\bin\Debug\Retyped.scripthost.dll".

  Copying file from "D:\Studio Projects\Luna\pipeline\templates\LunaCompiler\packages\com.unity.textmeshpro\3.0.0\TextMeshPro.dll" to "D:\Studio Projects\Luna\pipeline\templates\LunaCompiler\Scripts\bin\Debug\TextMeshPro.dll".

  Copying file from "D:\Studio Projects\Luna\pipeline\templates\LunaCompiler\Scripts\Vendor\UnityEngine.dll" to "D:\Studio Projects\Luna\pipeline\templates\LunaCompiler\Scripts\bin\Debug\UnityEngine.dll".

  Copying file from "D:\Studio Projects\Luna\pipeline\templates\LunaCompiler\packages\com.unity.ui\1.2.1\UnityEngine.UI.dll" to "D:\Studio Projects\Luna\pipeline\templates\LunaCompiler\Scripts\bin\Debug\UnityEngine.UI.dll".

  Copying file from "D:\Studio Projects\Luna\pipeline\templates\LunaCompiler\packages\Bridge.Core.17.9.12-luna\lib\net40\Bridge.xml" to "D:\Studio Projects\Luna\pipeline\templates\LunaCompiler\Scripts\bin\Debug\Bridge.xml".

  Copying file from "D:\Studio Projects\Luna\pipeline\templates\LunaCompiler\packages\Bridge.Html5.17.9.0\lib\net40\Bridge.Html5.xml" to "D:\Studio Projects\Luna\pipeline\templates\LunaCompiler\Scripts\bin\Debug\Bridge.Html5.xml".

  Copying file from "D:\Studio Projects\Luna\pipeline\templates\LunaCompiler\packages\Bridge.WebGL.1.22.0\lib\net40\Bridge.WebGL.xml" to "D:\Studio Projects\Luna\pipeline\templates\LunaCompiler\Scripts\bin\Debug\Bridge.WebGL.xml".

  Copying file from "D:\Studio Projects\Luna\pipeline\templates\LunaCompiler\packages\Bridge.Newtonsoft.Json.1.16.0\lib\net40\Newtonsoft.Json.xml" to "D:\Studio Projects\Luna\pipeline\templates\LunaCompiler\Scripts\bin\Debug\Newtonsoft.Json.xml".

  Copying file from "D:\Studio Projects\Luna\pipeline\templates\LunaCompiler\packages\Retyped.Core.1.6.6733\lib\net40\Retyped.Core.xml" to "D:\Studio Projects\Luna\pipeline\templates\LunaCompiler\Scripts\bin\Debug\Retyped.Core.xml".

  Copying file from "D:\Studio Projects\Luna\pipeline\templates\LunaCompiler\packages\Retyped.dom.2.8.6733\lib\net40\Retyped.dom.xml" to "D:\Studio Projects\Luna\pipeline\templates\LunaCompiler\Scripts\bin\Debug\Retyped.dom.xml".

  Copying file from "D:\Studio Projects\Luna\pipeline\templates\LunaCompiler\packages\Retyped.es5.2.8.6733\lib\net40\Retyped.es5.xml" to "D:\Studio Projects\Luna\pipeline\templates\LunaCompiler\Scripts\bin\Debug\Retyped.es5.xml".

  Copying file from "D:\Studio Projects\Luna\pipeline\templates\LunaCompiler\packages\Retyped.scripthost.2.8.6733\lib\net40\Retyped.scripthost.xml" to "D:\Studio Projects\Luna\pipeline\templates\LunaCompiler\Scripts\bin\Debug\Retyped.scripthost.xml".

  Creating "D:\Studio Projects\Luna\pipeline\templates\LunaCompiler\Scripts\obj\Debug\Scripts.csproj.CopyComplete" because "AlwaysCreate" was specified.

CopyFilesToOutputDirectory:
  Copying file from "D:\Studio Projects\Luna\pipeline\templates\LunaCompiler\Scripts\obj\Debug\UnityScriptsCompiler.dll" to "D:\Studio Projects\Luna\pipeline\templates\LunaCompiler\Scripts\bin\Debug\UnityScriptsCompiler.dll".

  Scripts -> D:\Studio Projects\Luna\pipeline\templates\LunaCompiler\Scripts\bin\Debug\UnityScriptsCompiler.dll

  Copying file from "D:\Studio Projects\Luna\pipeline\templates\LunaCompiler\Scripts\obj\Debug\UnityScriptsCompiler.pdb" to "D:\Studio Projects\Luna\pipeline\templates\LunaCompiler\Scripts\bin\Debug\UnityScriptsCompiler.pdb".

BridgeNetCompilerTask:
  Bridge started

      To enable detailed logging, configure "logging" in bridge.json.
      https://github.com/bridgedotnet/Bridge/wiki/global-configuration#logging

  Bridge done

Done Building Project "D:\Studio Projects\Luna\pipeline\templates\LunaCompiler\Scripts\Scripts.csproj" (Rebuild target(s)).



Build succeeded.

    0 Warning(s)

    0 Error(s)


Time Elapsed 00:00:04.92

Source code compiled successfully!
[ Stage3 ] Code compiled and bundled successfully.
[ Stage4 ] Target platform: playground
[ Stage4 ] Package bundled successfully
[ Stage4 ] Package uploaded successfully
